<?xml version="1.0" encoding="UTF-8"?>
<testsuite xmlns:xsi="http://www.w3.org/2001/XMLSchema-instance" xsi:noNamespaceSchemaLocation="https://maven.apache.org/surefire/maven-surefire-plugin/xsd/surefire-test-report-3.0.xsd" version="3.0" name="org.example.AppTest" time="0.066" tests="1" errors="0" skipped="0" failures="0">
  <properties>
    <property name="java.specification.version" value="21"/>
    <property name="sun.cpu.isalist" value="amd64"/>
    <property name="sun.jnu.encoding" value="Cp1252"/>
    <property name="java.class.path" value="C:\Users\Zelec\OneDrive\Desktop\Prueba Tecnica Desarrollador FullStack\Prueba-tecnica-Programador-Fullstack-Efiempresa\Challenges\target\test-classes;C:\Users\Zelec\OneDrive\Desktop\Prueba Tecnica Desarrollador FullStack\Prueba-tecnica-Programador-Fullstack-Efiempresa\Challenges\target\classes;C:\Users\Zelec\.m2\repository\junit\junit\4.13.2\junit-4.13.2.jar;C:\Users\Zelec\.m2\repository\org\hamcrest\hamcrest-core\1.3\hamcrest-core-1.3.jar;"/>
    <property name="java.vm.vendor" value="Oracle Corporation"/>
    <property name="sun.arch.data.model" value="64"/>
    <property name="user.variant" value=""/>
    <property name="java.vendor.url" value="https://java.oracle.com/"/>
    <property name="user.timezone" value="America/La_Paz"/>
    <property name="user.country.format" value="US"/>
    <property name="os.name" value="Windows 11"/>
    <property name="java.vm.specification.version" value="21"/>
    <property name="sun.java.launcher" value="SUN_STANDARD"/>
    <property name="user.country" value="MX"/>
    <property name="sun.boot.library.path" value="C:\Users\Zelec\.jdks\openjdk-21.0.2\bin"/>
    <property name="sun.java.command" value="C:\Users\Zelec\AppData\Local\Temp\surefire11437963776423120611\surefirebooter-20240824155734053_3.jar C:\Users\Zelec\AppData\Local\Temp\surefire11437963776423120611 2024-08-24T15-57-33_685-jvmRun1 surefire-20240824155734053_1tmp surefire_0-20240824155734053_2tmp"/>
    <property name="jdk.debug" value="release"/>
    <property name="surefire.test.class.path" value="C:\Users\Zelec\OneDrive\Desktop\Prueba Tecnica Desarrollador FullStack\Prueba-tecnica-Programador-Fullstack-Efiempresa\Challenges\target\test-classes;C:\Users\Zelec\OneDrive\Desktop\Prueba Tecnica Desarrollador FullStack\Prueba-tecnica-Programador-Fullstack-Efiempresa\Challenges\target\classes;C:\Users\Zelec\.m2\repository\junit\junit\4.13.2\junit-4.13.2.jar;C:\Users\Zelec\.m2\repository\org\hamcrest\hamcrest-core\1.3\hamcrest-core-1.3.jar;"/>
    <property name="sun.cpu.endian" value="little"/>
    <property name="user.home" value="C:\Users\Zelec"/>
    <property name="user.language" value="es"/>
    <property name="java.specification.vendor" value="Oracle Corporation"/>
    <property name="java.version.date" value="2024-01-16"/>
    <property name="java.home" value="C:\Users\Zelec\.jdks\openjdk-21.0.2"/>
    <property name="file.separator" value="\"/>
    <property name="basedir" value="C:\Users\Zelec\OneDrive\Desktop\Prueba Tecnica Desarrollador FullStack\Prueba-tecnica-Programador-Fullstack-Efiempresa\Challenges"/>
    <property name="java.vm.compressedOopsMode" value="32-bit"/>
    <property name="line.separator" value="&#10;"/>
    <property name="java.vm.specification.vendor" value="Oracle Corporation"/>
    <property name="java.specification.name" value="Java Platform API Specification"/>
    <property name="surefire.real.class.path" value="C:\Users\Zelec\AppData\Local\Temp\surefire11437963776423120611\surefirebooter-20240824155734053_3.jar"/>
    <property name="user.script" value=""/>
    <property name="sun.management.compiler" value="HotSpot 64-Bit Tiered Compilers"/>
    <property name="java.runtime.version" value="21.0.2+13-58"/>
    <property name="user.name" value="Zelec"/>
    <property name="stdout.encoding" value="Cp1252"/>
    <property name="path.separator" value=";"/>
    <property name="os.version" value="10.0"/>
    <property name="java.runtime.name" value="OpenJDK Runtime Environment"/>
    <property name="file.encoding" value="UTF-8"/>
    <property name="java.vm.name" value="OpenJDK 64-Bit Server VM"/>
    <property name="localRepository" value="C:\Users\Zelec\.m2\repository"/>
    <property name="java.vendor.url.bug" value="https://bugreport.java.com/bugreport/"/>
    <property name="java.io.tmpdir" value="C:\Users\Zelec\AppData\Local\Temp\"/>
    <property name="idea.version" value="2024.1"/>
    <property name="java.version" value="21.0.2"/>
    <property name="user.dir" value="C:\Users\Zelec\OneDrive\Desktop\Prueba Tecnica Desarrollador FullStack\Prueba-tecnica-Programador-Fullstack-Efiempresa\Challenges"/>
    <property name="os.arch" value="amd64"/>
    <property name="java.vm.specification.name" value="Java Virtual Machine Specification"/>
    <property name="user.language.format" value="en"/>
    <property name="sun.os.patch.level" value=""/>
    <property name="native.encoding" value="Cp1252"/>
    <property name="java.library.path" value="C:\Users\Zelec\.jdks\openjdk-21.0.2\bin;C:\WINDOWS\Sun\Java\bin;C:\WINDOWS\system32;C:\WINDOWS;C:\Program Files\Java\jdk-20\bin;C:\maven\bin;C:\Program Files\Alacritty\;C:\Program Files\Common Files\Oracle\Java\javapath;C:\Program Files (x86)\Common Files\Oracle\Java\java8path;C:\Program Files (x86)\Common Files\Oracle\Java\javapath;C:\Program Files\OpenJDK\jdk-8.0.342.07-hotspot\bin;C:\WINDOWS\system32;C:\WINDOWS;C:\WINDOWS\System32\Wbem;C:\WINDOWS\System32\WindowsPowerShell\v1.0\;C:\WINDOWS\System32\OpenSSH\;C:\Program Files (x86)\ATI Technologies\ATI.ACE\Core-Static;C:\Program Files\dotnet\;C:\Program Files\Docker\Docker\resources\bin;C:\ProgramData\DockerDesktop\version-bin;C:\Program Files\Microsoft SQL Server\Client SDK\ODBC\170\Tools\Binn\;C:\Program Files (x86)\Microsoft SQL Server\150\Tools\Binn\;C:\Program Files\Microsoft SQL Server\150\Tools\Binn\;C:\Program Files\Microsoft SQL Server\150\DTS\Binn\;C:\Program Files (x86)\Microsoft SQL Server\150\DTS\Binn\;C:\Program Files\Amazon\AWSCLIV2\;C:\php8;C:\Program Files (x86)\GnuWin32\bin;C:\ProgramData\chocolatey\bin;C:\Users\Zelec\AppData\Roaming\nvm;C:\Program Files\nodejs;C:\mingw64\bin;C:\Program Files\MongoDB\Server\7.0\bin;C:\Users\Zelec\AppData\Local\Programs\Python\Python311\Scripts;C:\Program Files\Git\cmd;C:\Users\Zelec\scoop\shims;Z:\Proyectos\test_project\lua-language-server\3rd\luamake;C:\Users\Zelec\.console-ninja\.bin;C:\Users\Zelec\AppData\Local\Programs\Python\Python311\Scripts\;C:\Users\Zelec\AppData\Local\Programs\Python\Python311\;C:\Users\Zelec\AppData\Local\Microsoft\WindowsApps;C:\Users\Zelec\AppData\Local\Programs\Microsoft VS Code\bin;C:\Users\Zelec\AppData\Roaming\npm;C:\Users\Zelec\.dotnet\tools;C:\Program Files\Azure Data Studio\bin;C:\Users\Zelec\AppData\Local\GitHubDesktop\bin;C:\Users\Zelec\AppData\Local\Programs\Hyper\resources\bin;C:\Program Files\JetBrains\IntelliJ IDEA Community Edition 2022.2.3\bin;C:\Users\Zelec\AppData\Local\Programs\oh-my-posh\bin;X:\neovim\bin;C:\Users\Zelec\.dotnet\tools;C:\Users\Zelec\AppData\Roaming\nvm;C:\Program Files\nodejs;C:\Program Files\JetBrains\DataGrip 2024.2\bin;;."/>
    <property name="java.vm.info" value="mixed mode, sharing"/>
    <property name="stderr.encoding" value="Cp1252"/>
    <property name="java.vendor" value="Oracle Corporation"/>
    <property name="java.vm.version" value="21.0.2+13-58"/>
    <property name="sun.io.unicode.encoding" value="UnicodeLittle"/>
    <property name="java.class.version" value="65.0"/>
  </properties>
  <testcase name="testApp" classname="org.example.AppTest" time="0.005"/>
</testsuite>